#
# There is insufficient memory for the Java Runtime Environment to continue.
# Native memory allocation (mmap) failed to map 289406976 bytes for committing reserved memory.
# Possible reasons:
#   The system is out of physical RAM or swap space
#   The process is running with CompressedOops enabled, and the Java Heap may be blocking the growth of the native heap
# Possible solutions:
#   Reduce memory load on the system
#   Increase physical memory or swap space
#   Check if swap backing store is full
#   Decrease Java heap size (-Xmx/-Xms)
#   Decrease number of Java threads
#   Decrease Java thread stack sizes (-Xss)
#   Set larger code cache with -XX:ReservedCodeCacheSize=
#   JVM is running with Unscaled Compressed Oops mode in which the Java heap is
#     placed in the first 4GB address space. The Java Heap base address is the
#     maximum limit for the native heap growth. Please use -XX:HeapBaseMinAddress
#     to set the Java Heap base and to place the Java Heap above 4GB virtual address.
# This output file may be truncated or incomplete.
#
#  Out of Memory Error (os_linux.cpp:2720), pid=9002, tid=9009
#
# JRE version: Java(TM) SE Runtime Environment (11.0.2+9) (build 11.0.2+9-LTS)
# Java VM: Java HotSpot(TM) 64-Bit Server VM (11.0.2+9-LTS, mixed mode, tiered, compressed oops, g1 gc, linux-amd64)
# Core dump will be written. Default location: Core dumps may be processed with "/usr/share/apport/apport %p %s %c %d %P" (or dumping to /home/ricardo/repos/coursera/algorithms-part-ii/week1-WordNet/wordnet/core.9002)
#

---------------  S U M M A R Y ------------

Command Line: WordNet synsets.txt hypernyms.txt

Host: Intel(R) Core(TM) i9-9900K CPU @ 3.60GHz, 4 cores, 3G, Ubuntu 18.10
Time: Wed May  8 00:19:32 2019 WEST elapsed time: 0 seconds (0d 0h 0m 0s)

---------------  T H R E A D  ---------------

Current thread (0x00007fbdf40f9800):  VMThread "VM Thread" [stack: 0x00007fbdd4050000,0x00007fbdd4150000] [id=9009]

Stack: [0x00007fbdd4050000,0x00007fbdd4150000],  sp=0x00007fbdd414df10,  free space=1015k
Native frames: (J=compiled Java code, A=aot compiled Java code, j=interpreted, Vv=VM code, C=native code)
V  [libjvm.so+0xe293b7]  VMError::report_and_die(int, char const*, char const*, __va_list_tag*, Thread*, unsigned char*, void*, void*, char const*, int, unsigned long)+0x317
V  [libjvm.so+0xe2a01b]  VMError::report_and_die(Thread*, char const*, int, unsigned long, VMErrorType, char const*, __va_list_tag*)+0x2b
V  [libjvm.so+0x69a4c5]  report_vm_out_of_memory(char const*, int, unsigned long, VMErrorType, char const*, ...)+0xd5
V  [libjvm.so+0xc03898]  os::pd_commit_memory_or_exit(char*, unsigned long, unsigned long, bool, char const*)+0x108
V  [libjvm.so+0xbfadfd]  os::commit_memory_or_exit(char*, unsigned long, unsigned long, bool, char const*)+0x1d
V  [libjvm.so+0x7b321c]  G1PageBasedVirtualSpace::commit_preferred_pages(unsigned long, unsigned long)+0x6c
V  [libjvm.so+0x7b34be]  G1PageBasedVirtualSpace::commit(unsigned long, unsigned long)+0x5e
V  [libjvm.so+0x7bf290]  G1RegionsLargerThanCommitSizeMapper::commit_regions(unsigned int, unsigned long, WorkGang*)+0x40
V  [libjvm.so+0x83acd9]  HeapRegionManager::commit_regions(unsigned int, unsigned long, WorkGang*)+0x89
V  [libjvm.so+0x83b92f]  HeapRegionManager::make_regions_available(unsigned int, unsigned int, WorkGang*)+0x3f
V  [libjvm.so+0x83bdb9]  HeapRegionManager::expand_at(unsigned int, unsigned int, WorkGang*) [clone .part.44]+0x119
V  [libjvm.so+0x777d3f]  G1CollectedHeap::expand(unsigned long, WorkGang*, double*)+0xdf
V  [libjvm.so+0x77ca7a]  G1CollectedHeap::do_collection_pause_at_safepoint(double)+0xa0a
V  [libjvm.so+0xe34fc1]  VM_G1CollectForAllocation::doit()+0x81
V  [libjvm.so+0xe33b57]  VM_Operation::evaluate()+0xe7
V  [libjvm.so+0xe3133f]  VMThread::evaluate_operation(VM_Operation*) [clone .constprop.54]+0xff
V  [libjvm.so+0xe31876]  VMThread::loop()+0x3e6
V  [libjvm.so+0xe31cbb]  VMThread::run()+0x7b
V  [libjvm.so+0xc09750]  thread_native_entry(Thread*)+0xf0

VM_Operation (0x00007fbdf94613a0): G1CollectForAllocation, mode: safepoint, requested by thread 0x00007fbdf4011800


---------------  P R O C E S S  ---------------

Threads class SMR info:
_java_thread_list=0x00007fbda4198220, length=10, elements={
0x00007fbdf4011800, 0x00007fbdf4101800, 0x00007fbdf4106000, 0x00007fbdf4118800,
0x00007fbdf411a800, 0x00007fbdf411c800, 0x00007fbdf411e800, 0x00007fbdf41ad800,
0x00007fbdf41bc800, 0x00007fbda4196800
}

Java Threads: ( => current thread )
  0x00007fbdf4011800 JavaThread "main" [_thread_blocked, id=9003, stack(0x00007fbdf9362000,0x00007fbdf9463000)]
  0x00007fbdf4101800 JavaThread "Reference Handler" daemon [_thread_blocked, id=9010, stack(0x00007fbdc76ff000,0x00007fbdc7800000)]
  0x00007fbdf4106000 JavaThread "Finalizer" daemon [_thread_blocked, id=9011, stack(0x00007fbdc75fe000,0x00007fbdc76ff000)]
  0x00007fbdf4118800 JavaThread "Signal Dispatcher" daemon [_thread_blocked, id=9012, stack(0x00007fbdc6722000,0x00007fbdc6823000)]
  0x00007fbdf411a800 JavaThread "C2 CompilerThread0" daemon [_thread_blocked, id=9013, stack(0x00007fbdc6621000,0x00007fbdc6722000)]
  0x00007fbdf411c800 JavaThread "C1 CompilerThread0" daemon [_thread_blocked, id=9014, stack(0x00007fbdc6520000,0x00007fbdc6621000)]
  0x00007fbdf411e800 JavaThread "Sweeper thread" daemon [_thread_blocked, id=9015, stack(0x00007fbdc641f000,0x00007fbdc6520000)]
  0x00007fbdf41ad800 JavaThread "Service Thread" daemon [_thread_blocked, id=9016, stack(0x00007fbdc631e000,0x00007fbdc641f000)]
  0x00007fbdf41bc800 JavaThread "Common-Cleaner" daemon [_thread_blocked, id=9018, stack(0x00007fbdc611b000,0x00007fbdc621c000)]
  0x00007fbda4196800 JavaThread "C2 CompilerThread1" daemon [_thread_blocked, id=9019, stack(0x00007fbdc5bf1000,0x00007fbdc5cf2000)]

Other Threads:
=>0x00007fbdf40f9800 VMThread "VM Thread" [stack: 0x00007fbdd4050000,0x00007fbdd4150000] [id=9009]
  0x00007fbdf41b8000 WatcherThread [stack: 0x00007fbdc621e000,0x00007fbdc631e000] [id=9017]
  0x00007fbdf4038800 GCTaskThread "GC Thread#0" [stack: 0x00007fbdf87f9000,0x00007fbdf88f9000] [id=9004]
  0x00007fbdbc001000 GCTaskThread "GC Thread#1" [stack: 0x00007fbdc5af1000,0x00007fbdc5bf1000] [id=9020]
  0x00007fbdbc041000 GCTaskThread "GC Thread#2" [stack: 0x00007fbdc56e9000,0x00007fbdc57e9000] [id=9024]
  0x00007fbdf4053800 ConcurrentGCThread "G1 Main Marker" [stack: 0x00007fbddc936000,0x00007fbddca36000] [id=9005]
  0x00007fbdf4055800 ConcurrentGCThread "G1 Conc#0" [stack: 0x00007fbddc834000,0x00007fbddc934000] [id=9006]
  0x00007fbdf4099000 ConcurrentGCThread "G1 Refine#0" [stack: 0x00007fbddc32e000,0x00007fbddc42e000] [id=9007]
  0x00007fbdcc004800 ConcurrentGCThread "G1 Refine#1" [stack: 0x00007fbdc59ef000,0x00007fbdc5aef000] [id=9021]
  0x00007fbd90001000 ConcurrentGCThread "G1 Refine#2" [stack: 0x00007fbdc58ed000,0x00007fbdc59ed000] [id=9022]
  0x00007fbd84001000 ConcurrentGCThread "G1 Refine#3" [stack: 0x00007fbdc57eb000,0x00007fbdc58eb000] [id=9023]
  0x00007fbdf409b000 ConcurrentGCThread "G1 Young RemSet Sampling" [stack: 0x00007fbddc22c000,0x00007fbddc32c000] [id=9008]

Threads with active compile tasks:
C2 CompilerThread0 454       4       edu.princeton.cs.algs4.In::hasNextLine (8 bytes)
C2 CompilerThread1 469       4       java.util.Scanner::hasNextLine (85 bytes)

VM state:at safepoint (normal execution)

VM Mutex/Monitor currently owned by a thread:  ([mutex/lock_event])
[0x00007fbdf400e3f0] Threads_lock - owner thread: 0x00007fbdf40f9800
[0x00007fbdf400eb40] Heap_lock - owner thread: 0x00007fbdf4011800

Heap address: 0x00000000c2a00000, size: 982 MB, Compressed Oops mode: 32-bit
Narrow klass base: 0x0000000000000000, Narrow klass shift: 3
Compressed class space size: 1073741824 Address: 0x0000000100000000

Heap:
 garbage-first heap   total 423936K, used 49563K [0x00000000c2a00000, 0x0000000100000000)
  region size 1024K, 2 young (2048K), 2 survivors (2048K)
 Metaspace       used 6711K, capacity 6782K, committed 7040K, reserved 1056768K
  class space    used 560K, capacity 574K, committed 640K, reserved 1048576K
Heap Regions: E=young(eden), S=young(survivor), O=old, HS=humongous(starts), HC=humongous(continues), CS=collection set, F=free, A=archive, TAMS=top-at-mark-start (previous, next)
|   0|0x00000000c2a00000, 0x00000000c2b00000, 0x00000000c2b00000|100%| O|  |TAMS 0x00000000c2a00000, 0x00000000c2a00000| Untracked 
|   1|0x00000000c2b00000, 0x00000000c2c00000, 0x00000000c2c00000|100%| O|  |TAMS 0x00000000c2b00000, 0x00000000c2b00000| Untracked 
|   2|0x00000000c2c00000, 0x00000000c2d00000, 0x00000000c2d00000|100%| O|  |TAMS 0x00000000c2c00000, 0x00000000c2c00000| Untracked 
|   3|0x00000000c2d00000, 0x00000000c2e00000, 0x00000000c2e00000|100%| O|  |TAMS 0x00000000c2d00000, 0x00000000c2d00000| Untracked 
|   4|0x00000000c2e00000, 0x00000000c2f00000, 0x00000000c2f00000|100%| O|  |TAMS 0x00000000c2e00000, 0x00000000c2e00000| Untracked 
|   5|0x00000000c2f00000, 0x00000000c3000000, 0x00000000c3000000|100%| O|  |TAMS 0x00000000c2f00000, 0x00000000c2f00000| Untracked 
|   6|0x00000000c3000000, 0x00000000c3100000, 0x00000000c3100000|100%| O|  |TAMS 0x00000000c3000000, 0x00000000c3000000| Untracked 
|   7|0x00000000c3100000, 0x00000000c3200000, 0x00000000c3200000|100%| O|  |TAMS 0x00000000c3100000, 0x00000000c3100000| Untracked 
|   8|0x00000000c3200000, 0x00000000c3300000, 0x00000000c3300000|100%| O|  |TAMS 0x00000000c3200000, 0x00000000c3200000| Untracked 
|   9|0x00000000c3300000, 0x00000000c3400000, 0x00000000c3400000|100%| O|  |TAMS 0x00000000c3300000, 0x00000000c3300000| Untracked 
|  10|0x00000000c3400000, 0x00000000c3500000, 0x00000000c3500000|100%|HS|  |TAMS 0x00000000c3400000, 0x00000000c3400000| Complete 
|  11|0x00000000c3500000, 0x00000000c3600000, 0x00000000c3600000|100%|HS|  |TAMS 0x00000000c3500000, 0x00000000c3500000| Complete 
|  12|0x00000000c3600000, 0x00000000c3700000, 0x00000000c3700000|100%| O|  |TAMS 0x00000000c3600000, 0x00000000c3600000| Untracked 
|  13|0x00000000c3700000, 0x00000000c3800000, 0x00000000c3800000|100%| O|  |TAMS 0x00000000c3700000, 0x00000000c3700000| Untracked 
|  14|0x00000000c3800000, 0x00000000c3900000, 0x00000000c3900000|100%| O|  |TAMS 0x00000000c3800000, 0x00000000c3800000| Untracked 
|  15|0x00000000c3900000, 0x00000000c3a00000, 0x00000000c3a00000|100%| O|  |TAMS 0x00000000c3900000, 0x00000000c3900000| Untracked 
|  16|0x00000000c3a00000, 0x00000000c3b00000, 0x00000000c3b00000|100%| O|  |TAMS 0x00000000c3a00000, 0x00000000c3a00000| Untracked 
|  17|0x00000000c3b00000, 0x00000000c3c00000, 0x00000000c3c00000|100%| O|  |TAMS 0x00000000c3b00000, 0x00000000c3b00000| Untracked 
|  18|0x00000000c3c00000, 0x00000000c3d00000, 0x00000000c3d00000|100%| O|  |TAMS 0x00000000c3c00000, 0x00000000c3c00000| Untracked 
|  19|0x00000000c3d00000, 0x00000000c3e00000, 0x00000000c3e00000|100%| O|  |TAMS 0x00000000c3d00000, 0x00000000c3d00000| Untracked 
|  20|0x00000000c3e00000, 0x00000000c3f00000, 0x00000000c3f00000|100%|HS|  |TAMS 0x00000000c3e00000, 0x00000000c3e00000| Complete 
|  21|0x00000000c3f00000, 0x00000000c4000000, 0x00000000c4000000|100%| O|  |TAMS 0x00000000c3f00000, 0x00000000c3f00000| Untracked 
|  22|0x00000000c4000000, 0x00000000c4100000, 0x00000000c4100000|100%| O|  |TAMS 0x00000000c4000000, 0x00000000c4000000| Untracked 
|  23|0x00000000c4100000, 0x00000000c4200000, 0x00000000c4200000|100%| O|  |TAMS 0x00000000c4100000, 0x00000000c4100000| Untracked 
|  24|0x00000000c4200000, 0x00000000c4300000, 0x00000000c4300000|100%| O|  |TAMS 0x00000000c4200000, 0x00000000c4200000| Untracked 
|  25|0x00000000c4300000, 0x00000000c4400000, 0x00000000c4400000|100%|HS|  |TAMS 0x00000000c4300000, 0x00000000c4300000| Complete 
|  26|0x00000000c4400000, 0x00000000c4500000, 0x00000000c4500000|100%|HC|  |TAMS 0x00000000c4400000, 0x00000000c4400000| Complete 
|  27|0x00000000c4500000, 0x00000000c4600000, 0x00000000c4600000|100%|HS|  |TAMS 0x00000000c4500000, 0x00000000c4500000| Complete 
|  28|0x00000000c4600000, 0x00000000c4700000, 0x00000000c4700000|100%|HC|  |TAMS 0x00000000c4600000, 0x00000000c4600000| Complete 
|  29|0x00000000c4700000, 0x00000000c4800000, 0x00000000c4800000|100%| O|  |TAMS 0x00000000c4700000, 0x00000000c4700000| Untracked 
|  30|0x00000000c4800000, 0x00000000c4900000, 0x00000000c4900000|100%| O|  |TAMS 0x00000000c4800000, 0x00000000c4800000| Untracked 
|  31|0x00000000c4900000, 0x00000000c4a00000, 0x00000000c4a00000|100%| O|  |TAMS 0x00000000c4900000, 0x00000000c4900000| Untracked 
|  32|0x00000000c4a00000, 0x00000000c4b00000, 0x00000000c4b00000|100%| O|  |TAMS 0x00000000c4a00000, 0x00000000c4a00000| Untracked 
|  33|0x00000000c4b00000, 0x00000000c4c00000, 0x00000000c4c00000|100%| O|  |TAMS 0x00000000c4b00000, 0x00000000c4b00000| Untracked 
|  34|0x00000000c4c00000, 0x00000000c4d00000, 0x00000000c4d00000|100%| O|  |TAMS 0x00000000c4c00000, 0x00000000c4c00000| Untracked 
|  35|0x00000000c4d00000, 0x00000000c4e00000, 0x00000000c4e00000|100%| O|  |TAMS 0x00000000c4d00000, 0x00000000c4d00000| Untracked 
|  36|0x00000000c4e00000, 0x00000000c4f00000, 0x00000000c4f00000|100%| O|  |TAMS 0x00000000c4e00000, 0x00000000c4e00000| Untracked 
|  37|0x00000000c4f00000, 0x00000000c5000000, 0x00000000c5000000|100%| O|  |TAMS 0x00000000c4f00000, 0x00000000c4f00000| Untracked 
|  38|0x00000000c5000000, 0x00000000c5100000, 0x00000000c5100000|100%| O|  |TAMS 0x00000000c5000000, 0x00000000c5000000| Untracked 
|  39|0x00000000c5100000, 0x00000000c5200000, 0x00000000c5200000|100%| O|  |TAMS 0x00000000c5100000, 0x00000000c5100000| Untracked 
|  40|0x00000000c5200000, 0x00000000c5300000, 0x00000000c5300000|100%| O|  |TAMS 0x00000000c5200000, 0x00000000c5200000| Untracked 
|  41|0x00000000c5300000, 0x00000000c5400000, 0x00000000c5400000|100%| O|  |TAMS 0x00000000c5300000, 0x00000000c5300000| Untracked 
|  42|0x00000000c5400000, 0x00000000c5500000, 0x00000000c5500000|100%| O|  |TAMS 0x00000000c5400000, 0x00000000c5400000| Untracked 
|  43|0x00000000c5500000, 0x00000000c5600000, 0x00000000c5600000|100%| O|  |TAMS 0x00000000c5500000, 0x00000000c5500000| Untracked 
|  44|0x00000000c5600000, 0x00000000c5700000, 0x00000000c5700000|100%| O|  |TAMS 0x00000000c5600000, 0x00000000c5600000| Untracked 
|  45|0x00000000c5700000, 0x00000000c5800000, 0x00000000c5800000|100%| O|  |TAMS 0x00000000c5700000, 0x00000000c5700000| Untracked 
|  46|0x00000000c5800000, 0x00000000c58b7800, 0x00000000c5900000| 71%| O|  |TAMS 0x00000000c5800000, 0x00000000c5800000| Untracked 
|  47|0x00000000c5900000, 0x00000000c5900000, 0x00000000c5a00000|  0%| F|  |TAMS 0x00000000c5900000, 0x00000000c5900000| Untracked 
|  48|0x00000000c5a00000, 0x00000000c5a00000, 0x00000000c5b00000|  0%| F|  |TAMS 0x00000000c5a00000, 0x00000000c5a00000| Untracked 
|  49|0x00000000c5b00000, 0x00000000c5b00000, 0x00000000c5c00000|  0%| F|  |TAMS 0x00000000c5b00000, 0x00000000c5b00000| Untracked 
|  50|0x00000000c5c00000, 0x00000000c5c00000, 0x00000000c5d00000|  0%| F|  |TAMS 0x00000000c5c00000, 0x00000000c5c00000| Untracked 
|  51|0x00000000c5d00000, 0x00000000c5d00000, 0x00000000c5e00000|  0%| F|  |TAMS 0x00000000c5d00000, 0x00000000c5d00000| Untracked 
|  52|0x00000000c5e00000, 0x00000000c5e00000, 0x00000000c5f00000|  0%| F|  |TAMS 0x00000000c5e00000, 0x00000000c5e00000| Untracked 
|  53|0x00000000c5f00000, 0x00000000c5f00000, 0x00000000c6000000|  0%| F|  |TAMS 0x00000000c5f00000, 0x00000000c5f00000| Untracked 
|  54|0x00000000c6000000, 0x00000000c6000000, 0x00000000c6100000|  0%| F|  |TAMS 0x00000000c6000000, 0x00000000c6000000| Untracked 
|  55|0x00000000c6100000, 0x00000000c6100000, 0x00000000c6200000|  0%| F|  |TAMS 0x00000000c6100000, 0x00000000c6100000| Untracked 
|  56|0x00000000c6200000, 0x00000000c6200000, 0x00000000c6300000|  0%| F|  |TAMS 0x00000000c6200000, 0x00000000c6200000| Untracked 
|  57|0x00000000c6300000, 0x00000000c6300000, 0x00000000c6400000|  0%| F|  |TAMS 0x00000000c6300000, 0x00000000c6300000| Untracked 
|  58|0x00000000c6400000, 0x00000000c6400000, 0x00000000c6500000|  0%| F|  |TAMS 0x00000000c6400000, 0x00000000c6400000| Untracked 
|  59|0x00000000c6500000, 0x00000000c6500000, 0x00000000c6600000|  0%| F|  |TAMS 0x00000000c6500000, 0x00000000c6500000| Untracked 
|  60|0x00000000c6600000, 0x00000000c6600000, 0x00000000c6700000|  0%| F|  |TAMS 0x00000000c6600000, 0x00000000c6600000| Untracked 
|  61|0x00000000c6700000, 0x00000000c6700000, 0x00000000c6800000|  0%| F|  |TAMS 0x00000000c6700000, 0x00000000c6700000| Untracked 
|  62|0x00000000c6800000, 0x00000000c6800000, 0x00000000c6900000|  0%| F|  |TAMS 0x00000000c6800000, 0x00000000c6800000| Untracked 
|  63|0x00000000c6900000, 0x00000000c6900000, 0x00000000c6a00000|  0%| F|  |TAMS 0x00000000c6900000, 0x00000000c6900000| Untracked 
|  64|0x00000000c6a00000, 0x00000000c6a00000, 0x00000000c6b00000|  0%| F|  |TAMS 0x00000000c6a00000, 0x00000000c6a00000| Untracked 
|  65|0x00000000c6b00000, 0x00000000c6b00000, 0x00000000c6c00000|  0%| F|  |TAMS 0x00000000c6b00000, 0x00000000c6b00000| Untracked 
|  66|0x00000000c6c00000, 0x00000000c6c00000, 0x00000000c6d00000|  0%| F|  |TAMS 0x00000000c6c00000, 0x00000000c6c00000| Untracked 
|  67|0x00000000c6d00000, 0x00000000c6d00000, 0x00000000c6e00000|  0%| F|  |TAMS 0x00000000c6d00000, 0x00000000c6d00000| Untracked 
|  68|0x00000000c6e00000, 0x00000000c6e00000, 0x00000000c6f00000|  0%| F|  |TAMS 0x00000000c6e00000, 0x00000000c6e00000| Untracked 
|  69|0x00000000c6f00000, 0x00000000c6f00000, 0x00000000c7000000|  0%| F|  |TAMS 0x00000000c6f00000, 0x00000000c6f00000| Untracked 
|  70|0x00000000c7000000, 0x00000000c7000000, 0x00000000c7100000|  0%| F|  |TAMS 0x00000000c7000000, 0x00000000c7000000| Untracked 
|  71|0x00000000c7100000, 0x00000000c7100000, 0x00000000c7200000|  0%| F|  |TAMS 0x00000000c7100000, 0x00000000c7100000| Untracked 
|  72|0x00000000c7200000, 0x00000000c7200000, 0x00000000c7300000|  0%| F|  |TAMS 0x00000000c7200000, 0x00000000c7200000| Untracked 
|  73|0x00000000c7300000, 0x00000000c7300000, 0x00000000c7400000|  0%| F|  |TAMS 0x00000000c7300000, 0x00000000c7300000| Untracked 
|  74|0x00000000c7400000, 0x00000000c7400000, 0x00000000c7500000|  0%| F|  |TAMS 0x00000000c7400000, 0x00000000c7400000| Untracked 
|  75|0x00000000c7500000, 0x00000000c7500000, 0x00000000c7600000|  0%| F|  |TAMS 0x00000000c7500000, 0x00000000c7500000| Untracked 
|  76|0x00000000c7600000, 0x00000000c7600000, 0x00000000c7700000|  0%| F|  |TAMS 0x00000000c7600000, 0x00000000c7600000| Untracked 
|  77|0x00000000c7700000, 0x00000000c7700000, 0x00000000c7800000|  0%| F|  |TAMS 0x00000000c7700000, 0x00000000c7700000| Untracked 
|  78|0x00000000c7800000, 0x00000000c7800000, 0x00000000c7900000|  0%| F|  |TAMS 0x00000000c7800000, 0x00000000c7800000| Untracked 
|  79|0x00000000c7900000, 0x00000000c7900000, 0x00000000c7a00000|  0%| F|  |TAMS 0x00000000c7900000, 0x00000000c7900000| Untracked 
|  80|0x00000000c7a00000, 0x00000000c7a00000, 0x00000000c7b00000|  0%| F|  |TAMS 0x00000000c7a00000, 0x00000000c7a00000| Untracked 
|  81|0x00000000c7b00000, 0x00000000c7b00000, 0x00000000c7c00000|  0%| F|  |TAMS 0x00000000c7b00000, 0x00000000c7b00000| Untracked 
|  82|0x00000000c7c00000, 0x00000000c7c00000, 0x00000000c7d00000|  0%| F|  |TAMS 0x00000000c7c00000, 0x00000000c7c00000| Untracked 
|  83|0x00000000c7d00000, 0x00000000c7d00000, 0x00000000c7e00000|  0%| F|  |TAMS 0x00000000c7d00000, 0x00000000c7d00000| Untracked 
|  84|0x00000000c7e00000, 0x00000000c7e00000, 0x00000000c7f00000|  0%| F|  |TAMS 0x00000000c7e00000, 0x00000000c7e00000| Untracked 
|  85|0x00000000c7f00000, 0x00000000c7f00000, 0x00000000c8000000|  0%| F|  |TAMS 0x00000000c7f00000, 0x00000000c7f00000| Untracked 
|  86|0x00000000c8000000, 0x00000000c8000000, 0x00000000c8100000|  0%| F|  |TAMS 0x00000000c8000000, 0x00000000c8000000| Untracked 
|  87|0x00000000c8100000, 0x00000000c8100000, 0x00000000c8200000|  0%| F|  |TAMS 0x00000000c8100000, 0x00000000c8100000| Untracked 
|  88|0x00000000c8200000, 0x00000000c8200000, 0x00000000c8300000|  0%| F|  |TAMS 0x00000000c8200000, 0x00000000c8200000| Untracked 
|  89|0x00000000c8300000, 0x00000000c83af750, 0x00000000c8400000| 68%| S|CS|TAMS 0x00000000c8300000, 0x00000000c8300000| Complete 
|  90|0x00000000c8400000, 0x00000000c8500000, 0x00000000c8500000|100%| S|CS|TAMS 0x00000000c8400000, 0x00000000c8400000| Complete 
|  91|0x00000000c8500000, 0x00000000c8500000, 0x00000000c8600000|  0%| F|  |TAMS 0x00000000c8500000, 0x00000000c8500000| Untracked 
|  92|0x00000000c8600000, 0x00000000c8600000, 0x00000000c8700000|  0%| F|  |TAMS 0x00000000c8600000, 0x00000000c8600000| Untracked 
|  93|0x00000000c8700000, 0x00000000c8700000, 0x00000000c8800000|  0%| F|  |TAMS 0x00000000c8700000, 0x00000000c8700000| Untracked 
|  94|0x00000000c8800000, 0x00000000c8800000, 0x00000000c8900000|  0%| F|  |TAMS 0x00000000c8800000, 0x00000000c8800000| Untracked 
|  95|0x00000000c8900000, 0x00000000c8900000, 0x00000000c8a00000|  0%| F|  |TAMS 0x00000000c8900000, 0x00000000c8900000| Untracked 
|  96|0x00000000c8a00000, 0x00000000c8a00000, 0x00000000c8b00000|  0%| F|  |TAMS 0x00000000c8a00000, 0x00000000c8a00000| Untracked 
|  97|0x00000000c8b00000, 0x00000000c8b00000, 0x00000000c8c00000|  0%| F|  |TAMS 0x00000000c8b00000, 0x00000000c8b00000| Untracked 
|  98|0x00000000c8c00000, 0x00000000c8c00000, 0x00000000c8d00000|  0%| F|  |TAMS 0x00000000c8c00000, 0x00000000c8c00000| Untracked 
|  99|0x00000000c8d00000, 0x00000000c8d00000, 0x00000000c8e00000|  0%| F|  |TAMS 0x00000000c8d00000, 0x00000000c8d00000| Untracked 
| 100|0x00000000c8e00000, 0x00000000c8e00000, 0x00000000c8f00000|  0%| F|  |TAMS 0x00000000c8e00000, 0x00000000c8e00000| Untracked 
| 101|0x00000000c8f00000, 0x00000000c8f00000, 0x00000000c9000000|  0%| F|  |TAMS 0x00000000c8f00000, 0x00000000c8f00000| Untracked 
| 102|0x00000000c9000000, 0x00000000c9000000, 0x00000000c9100000|  0%| F|  |TAMS 0x00000000c9000000, 0x00000000c9000000| Untracked 
| 103|0x00000000c9100000, 0x00000000c9100000, 0x00000000c9200000|  0%| F|  |TAMS 0x00000000c9100000, 0x00000000c9100000| Untracked 
| 104|0x00000000c9200000, 0x00000000c9200000, 0x00000000c9300000|  0%| F|  |TAMS 0x00000000c9200000, 0x00000000c9200000| Untracked 
| 105|0x00000000c9300000, 0x00000000c9300000, 0x00000000c9400000|  0%| F|  |TAMS 0x00000000c9300000, 0x00000000c9300000| Untracked 
| 106|0x00000000c9400000, 0x00000000c9400000, 0x00000000c9500000|  0%| F|  |TAMS 0x00000000c9400000, 0x00000000c9400000| Untracked 
| 107|0x00000000c9500000, 0x00000000c9500000, 0x00000000c9600000|  0%| F|  |TAMS 0x00000000c9500000, 0x00000000c9500000| Untracked 
| 108|0x00000000c9600000, 0x00000000c9600000, 0x00000000c9700000|  0%| F|  |TAMS 0x00000000c9600000, 0x00000000c9600000| Untracked 
| 109|0x00000000c9700000, 0x00000000c9700000, 0x00000000c9800000|  0%| F|  |TAMS 0x00000000c9700000, 0x00000000c9700000| Untracked 
| 110|0x00000000c9800000, 0x00000000c9800000, 0x00000000c9900000|  0%| F|  |TAMS 0x00000000c9800000, 0x00000000c9800000| Untracked 
| 111|0x00000000c9900000, 0x00000000c9900000, 0x00000000c9a00000|  0%| F|  |TAMS 0x00000000c9900000, 0x00000000c9900000| Untracked 
| 112|0x00000000c9a00000, 0x00000000c9a00000, 0x00000000c9b00000|  0%| F|  |TAMS 0x00000000c9a00000, 0x00000000c9a00000| Untracked 
| 113|0x00000000c9b00000, 0x00000000c9b00000, 0x00000000c9c00000|  0%| F|  |TAMS 0x00000000c9b00000, 0x00000000c9b00000| Untracked 
| 114|0x00000000c9c00000, 0x00000000c9c00000, 0x00000000c9d00000|  0%| F|  |TAMS 0x00000000c9c00000, 0x00000000c9c00000| Untracked 
| 115|0x00000000c9d00000, 0x00000000c9d00000, 0x00000000c9e00000|  0%| F|  |TAMS 0x00000000c9d00000, 0x00000000c9d00000| Untracked 
| 116|0x00000000c9e00000, 0x00000000c9e00000, 0x00000000c9f00000|  0%| F|  |TAMS 0x00000000c9e00000, 0x00000000c9e00000| Untracked 
| 117|0x00000000c9f00000, 0x00000000c9f00000, 0x00000000ca000000|  0%| F|  |TAMS 0x00000000c9f00000, 0x00000000c9f00000| Untracked 
| 118|0x00000000ca000000, 0x00000000ca000000, 0x00000000ca100000|  0%| F|  |TAMS 0x00000000ca000000, 0x00000000ca000000| Untracked 
| 119|0x00000000ca100000, 0x00000000ca100000, 0x00000000ca200000|  0%| F|  |TAMS 0x00000000ca100000, 0x00000000ca100000| Untracked 
| 120|0x00000000ca200000, 0x00000000ca200000, 0x00000000ca300000|  0%| F|  |TAMS 0x00000000ca200000, 0x00000000ca200000| Untracked 
| 121|0x00000000ca300000, 0x00000000ca300000, 0x00000000ca400000|  0%| F|  |TAMS 0x00000000ca300000, 0x00000000ca300000| Untracked 
| 122|0x00000000ca400000, 0x00000000ca400000, 0x00000000ca500000|  0%| F|  |TAMS 0x00000000ca400000, 0x00000000ca400000| Untracked 
| 123|0x00000000ca500000, 0x00000000ca500000, 0x00000000ca600000|  0%| F|  |TAMS 0x00000000ca500000, 0x00000000ca500000| Untracked 
| 124|0x00000000ca600000, 0x00000000ca600000, 0x00000000ca700000|  0%| F|  |TAMS 0x00000000ca600000, 0x00000000ca600000| Untracked 
| 125|0x00000000ca700000, 0x00000000ca700000, 0x00000000ca800000|  0%| F|  |TAMS 0x00000000ca700000, 0x00000000ca700000| Untracked 
| 126|0x00000000ca800000, 0x00000000ca800000, 0x00000000ca900000|  0%| F|  |TAMS 0x00000000ca800000, 0x00000000ca800000| Untracked 
| 127|0x00000000ca900000, 0x00000000ca900000, 0x00000000caa00000|  0%| F|  |TAMS 0x00000000ca900000, 0x00000000ca900000| Untracked 
| 128|0x00000000caa00000, 0x00000000caa00000, 0x00000000cab00000|  0%| F|  |TAMS 0x00000000caa00000, 0x00000000caa00000| Untracked 
| 129|0x00000000cab00000, 0x00000000cab00000, 0x00000000cac00000|  0%| F|  |TAMS 0x00000000cab00000, 0x00000000cab00000| Untracked 
| 130|0x00000000cac00000, 0x00000000cac00000, 0x00000000cad00000|  0%| F|  |TAMS 0x00000000cac00000, 0x00000000cac00000| Untracked 
| 131|0x00000000cad00000, 0x00000000cad00000, 0x00000000cae00000|  0%| F|  |TAMS 0x00000000cad00000, 0x00000000cad00000| Untracked 
| 132|0x00000000cae00000, 0x00000000cae00000, 0x00000000caf00000|  0%| F|  |TAMS 0x00000000cae00000, 0x00000000cae00000| Untracked 
| 133|0x00000000caf00000, 0x00000000caf00000, 0x00000000cb000000|  0%| F|  |TAMS 0x00000000caf00000, 0x00000000caf00000| Untracked 
| 134|0x00000000cb000000, 0x00000000cb000000, 0x00000000cb100000|  0%| F|  |TAMS 0x00000000cb000000, 0x00000000cb000000| Untracked 
| 135|0x00000000cb100000, 0x00000000cb100000, 0x00000000cb200000|  0%| F|  |TAMS 0x00000000cb100000, 0x00000000cb100000| Untracked 
| 136|0x00000000cb200000, 0x00000000cb200000, 0x00000000cb300000|  0%| F|  |TAMS 0x00000000cb200000, 0x00000000cb200000| Untracked 
| 137|0x00000000cb300000, 0x00000000cb300000, 0x00000000cb400000|  0%| F|  |TAMS 0x00000000cb300000, 0x00000000cb300000| Untracked 

Card table byte_map: [0x00007fbdf801d000,0x00007fbdf8208000] _byte_map_base: 0x00007fbdf7a08000

Marking Bits (Prev, Next): (CMBitMap*) 0x00007fbdf404ef48, (CMBitMap*) 0x00007fbdf404ef80
 Prev Bits: [0x00007fbdd70a8000, 0x00007fbdd8000000)
 Next Bits: [0x00007fbdd6150000, 0x00007fbdd70a8000)

Polling page: 0x00007fbdfb0d2000

Metaspace:

Usage:
  Non-class:      6.06 MB capacity,     6.01 MB (>99%) used,    51.80 KB ( <1%) free+waste,     4.38 KB ( <1%) overhead. 
      Class:    574.00 KB capacity,   560.00 KB ( 98%) used,    12.19 KB (  2%) free+waste,     1.81 KB ( <1%) overhead. 
       Both:      6.62 MB capacity,     6.55 MB ( 99%) used,    63.99 KB ( <1%) free+waste,     6.19 KB ( <1%) overhead. 

Virtual space:
  Non-class space:        8.00 MB reserved,       6.25 MB ( 78%) committed 
      Class space:        1.00 GB reserved,     640.00 KB ( <1%) committed 
             Both:        1.01 GB reserved,       6.88 MB ( <1%) committed 

Chunk freelists:
   Non-Class:  0 bytes
       Class:  256 bytes
        Both:  256 bytes

CodeHeap 'non-profiled nmethods': size=120032Kb used=354Kb max_used=354Kb free=119677Kb
 bounds [0x00007fbde470a000, 0x00007fbde497a000, 0x00007fbdebc42000]
CodeHeap 'profiled nmethods': size=120032Kb used=722Kb max_used=722Kb free=119309Kb
 bounds [0x00007fbddd1d2000, 0x00007fbddd442000, 0x00007fbde470a000]
CodeHeap 'non-nmethods': size=5696Kb used=1041Kb max_used=1072Kb free=4654Kb
 bounds [0x00007fbddcc42000, 0x00007fbddceb2000, 0x00007fbddd1d2000]
 total_blobs=1062 nmethods=466 adapters=254
 compilation: enabled
              stopped_count=0, restarted_count=0
 full_count=0

Compilation events (10 events):
Event: 0.512 Thread 0x00007fbdf411c800  472   !   3       java.nio.charset.CharsetDecoder::decode (287 bytes)
Event: 0.513 Thread 0x00007fbdf411c800 nmethod 472 0x00007fbddd282d10 code [0x00007fbddd283040, 0x00007fbddd2844d8]
Event: 0.513 Thread 0x00007fbda4196800 nmethod 449 0x00007fbde4760290 code [0x00007fbde4760480, 0x00007fbde4760d38]
Event: 0.513 Thread 0x00007fbda4196800  470       4       java.util.Scanner::findWithinHorizon (82 bytes)
Event: 0.535 Thread 0x00007fbdf411c800  475 %     3       WordNet::readHypernym @ 37 (74 bytes)
Event: 0.535 Thread 0x00007fbda4196800 nmethod 470 0x00007fbde4761310 code [0x00007fbde4761560, 0x00007fbde47622c0]
Event: 0.535 Thread 0x00007fbda4196800  469       4       java.util.Scanner::hasNextLine (85 bytes)
Event: 0.535 Thread 0x00007fbdf411c800 nmethod 475% 0x00007fbddd284b90 code [0x00007fbddd284e00, 0x00007fbddd285628]
Event: 0.535 Thread 0x00007fbdf411c800  476       3       WordNet::readHypernym (74 bytes)
Event: 0.536 Thread 0x00007fbdf411c800 nmethod 476 0x00007fbddd285b10 code [0x00007fbddd285d80, 0x00007fbddd286488]

GC Heap History (10 events):
Event: 0.294 GC heap after
{Heap after GC invocations=4 (full 0):
 garbage-first heap   total 63488K, used 20215K [0x00000000c2a00000, 0x0000000100000000)
  region size 1024K, 4 young (4096K), 4 survivors (4096K)
 Metaspace       used 6688K, capacity 6780K, committed 7040K, reserved 1056768K
  class space    used 557K, capacity 572K, committed 640K, reserved 1048576K
}
Event: 0.310 GC heap before
{Heap before GC invocations=4 (full 0):
 garbage-first heap   total 63488K, used 43767K [0x00000000c2a00000, 0x0000000100000000)
  region size 1024K, 27 young (27648K), 4 survivors (4096K)
 Metaspace       used 6688K, capacity 6780K, committed 7040K, reserved 1056768K
  class space    used 557K, capacity 572K, committed 640K, reserved 1048576K
}
Event: 0.324 GC heap after
{Heap after GC invocations=5 (full 0):
 garbage-first heap   total 141312K, used 23678K [0x00000000c2a00000, 0x0000000100000000)
  region size 1024K, 4 young (4096K), 4 survivors (4096K)
 Metaspace       used 6688K, capacity 6780K, committed 7040K, reserved 1056768K
  class space    used 557K, capacity 572K, committed 640K, reserved 1048576K
}
Event: 0.378 GC heap before
{Heap before GC invocations=5 (full 0):
 garbage-first heap   total 141312K, used 60542K [0x00000000c2a00000, 0x0000000100000000)
  region size 1024K, 39 young (39936K), 4 survivors (4096K)
 Metaspace       used 6688K, capacity 6780K, committed 7040K, reserved 1056768K
  class space    used 557K, capacity 572K, committed 640K, reserved 1048576K
}
Event: 0.410 GC heap after
{Heap after GC invocations=6 (full 0):
 garbage-first heap   total 141312K, used 30188K [0x00000000c2a00000, 0x0000000100000000)
  region size 1024K, 5 young (5120K), 5 survivors (5120K)
 Metaspace       used 6688K, capacity 6780K, committed 7040K, reserved 1056768K
  class space    used 557K, capacity 572K, committed 640K, reserved 1048576K
}
Event: 0.459 GC heap before
{Heap before GC invocations=6 (full 0):
 garbage-first heap   total 141312K, used 76268K [0x00000000c2a00000, 0x0000000100000000)
  region size 1024K, 46 young (47104K), 5 survivors (5120K)
 Metaspace       used 6688K, capacity 6780K, committed 7040K, reserved 1056768K
  class space    used 557K, capacity 572K, committed 640K, reserved 1048576K
}
Event: 0.485 GC heap after
{Heap after GC invocations=7 (full 0):
 garbage-first heap   total 141312K, used 40625K [0x00000000c2a00000, 0x0000000100000000)
  region size 1024K, 6 young (6144K), 6 survivors (6144K)
 Metaspace       used 6688K, capacity 6780K, committed 7040K, reserved 1056768K
  class space    used 557K, capacity 572K, committed 640K, reserved 1048576K
}
Event: 0.514 GC heap before
{Heap before GC invocations=7 (full 0):
 garbage-first heap   total 141312K, used 85681K [0x00000000c2a00000, 0x0000000100000000)
  region size 1024K, 50 young (51200K), 6 survivors (6144K)
 Metaspace       used 6711K, capacity 6782K, committed 7040K, reserved 1056768K
  class space    used 560K, capacity 574K, committed 640K, reserved 1048576K
}
Event: 0.526 GC heap after
{Heap after GC invocations=8 (full 0):
 garbage-first heap   total 141312K, used 48033K [0x00000000c2a00000, 0x0000000100000000)
  region size 1024K, 7 young (7168K), 7 survivors (7168K)
 Metaspace       used 6711K, capacity 6782K, committed 7040K, reserved 1056768K
  class space    used 560K, capacity 574K, committed 640K, reserved 1048576K
}
Event: 0.542 GC heap before
{Heap before GC invocations=8 (full 0):
 garbage-first heap   total 141312K, used 94113K [0x00000000c2a00000, 0x0000000100000000)
  region size 1024K, 52 young (53248K), 7 survivors (7168K)
 Metaspace       used 6711K, capacity 6782K, committed 7040K, reserved 1056768K
  class space    used 560K, capacity 574K, committed 640K, reserved 1048576K
}

Deoptimization events (10 events):
Event: 0.147 Thread 0x00007fbdf4011800 Uncommon trap: reason=unstable_if action=reinterpret pc=0x00007fbde471e8a4 method=java.util.HashMap.putVal(ILjava/lang/Object;Ljava/lang/Object;ZZ)Ljava/lang/Object; @ 94 c2
Event: 0.164 Thread 0x00007fbdf4011800 Uncommon trap: reason=unstable_if action=reinterpret pc=0x00007fbde4729ecc method=java.util.HashMap.putVal(ILjava/lang/Object;Ljava/lang/Object;ZZ)Ljava/lang/Object; @ 206 c2
Event: 0.164 Thread 0x00007fbdf4011800 Uncommon trap: reason=unstable_if action=reinterpret pc=0x00007fbde472715c method=java.util.HashMap.getNode(ILjava/lang/Object;)Ljava/util/HashMap$Node; @ 129 c2
Event: 0.194 Thread 0x00007fbdf4011800 Uncommon trap: reason=intrinsic_or_type_checked_inlining action=make_not_entrant pc=0x00007fbde472fe78 method=java.util.ArrayList$SubList.toArray([Ljava/lang/Object;)[Ljava/lang/Object; @ 58 c2
Event: 0.217 Thread 0x00007fbdf4011800 Uncommon trap: reason=intrinsic_or_type_checked_inlining action=make_not_entrant pc=0x00007fbde4733530 method=java.util.ArrayList$SubList.toArray([Ljava/lang/Object;)[Ljava/lang/Object; @ 58 c2
Event: 0.498 Thread 0x00007fbdf4011800 Uncommon trap: reason=unstable_if action=reinterpret pc=0x00007fbde474618c method=java.util.Scanner.readInput()V @ 14 c2
Event: 0.498 Thread 0x00007fbdf4011800 Uncommon trap: reason=unstable_if action=reinterpret pc=0x00007fbde4724afc method=java.lang.String.substring(II)Ljava/lang/String; @ 22 c2
Event: 0.501 Thread 0x00007fbdf4011800 Uncommon trap: reason=class_check action=maybe_recompile pc=0x00007fbde4740f94 method=java.nio.Buffer.<init>(IIII)V @ 33 c2
Event: 0.501 Thread 0x00007fbdf4011800 Uncommon trap: reason=unstable_if action=reinterpret pc=0x00007fbde4751f40 method=java.util.Scanner.readInput()V @ 14 c2
Event: 0.501 Thread 0x00007fbdf4011800 Uncommon trap: reason=unstable_if action=reinterpret pc=0x00007fbde4757840 method=java.nio.charset.CharsetDecoder.decode(Ljava/nio/ByteBuffer;Ljava/nio/CharBuffer;Z)Ljava/nio/charset/CoderResult; @ 15 c2

Classes redefined (0 events):
No events

Internal exceptions (1 events):
Event: 0.071 Thread 0x00007fbdf4011800 Exception <a 'java/lang/NoSuchMethodError'{0x00000000c666d628}: java.lang.invoke.DirectMethodHandle$Holder.invokeSpecialIFC(Ljava/lang/Object;Ljava/lang/Object;I)I> (0x00000000c666d628) thrown at [/scratch/opt/mach5/mesos/work_dir/slaves/2dd962d0-8988-479

Events (10 events):
Event: 0.501 Thread 0x00007fbdf4011800 DEOPT PACKING pc=0x00007fbde4751f40 sp=0x00007fbdf94616e0
Event: 0.501 Thread 0x00007fbdf4011800 DEOPT UNPACKING pc=0x00007fbddcc6a6a5 sp=0x00007fbdf94616b0 mode 2
Event: 0.501 Thread 0x00007fbdf4011800 Uncommon trap: trap_request=0xffffff4d fr.pc=0x00007fbde4757840 relative=0x0000000000000100
Event: 0.501 Thread 0x00007fbdf4011800 DEOPT PACKING pc=0x00007fbde4757840 sp=0x00007fbdf94613b0
Event: 0.501 Thread 0x00007fbdf4011800 DEOPT UNPACKING pc=0x00007fbddcc6a6a5 sp=0x00007fbdf9461348 mode 2
Event: 0.502 loading class edu/princeton/cs/algs4/Bag$Node
Event: 0.502 loading class edu/princeton/cs/algs4/Bag$Node done
Event: 0.514 Executing VM operation: G1CollectForAllocation
Event: 0.526 Executing VM operation: G1CollectForAllocation done
Event: 0.542 Executing VM operation: G1CollectForAllocation


Dynamic libraries:
00400000-00401000 r-xp 00000000 08:01 792597                             /usr/lib/jvm/java-11-oracle/bin/java
00600000-00601000 r--p 00000000 08:01 792597                             /usr/lib/jvm/java-11-oracle/bin/java
00601000-00602000 rw-p 00001000 08:01 792597                             /usr/lib/jvm/java-11-oracle/bin/java
0182f000-01850000 rw-p 00000000 00:00 0                                  [heap]
c2a00000-cb400000 rw-p 00000000 00:00 0 
dc800000-100000000 ---p 00000000 00:00 0 
100000000-1000a0000 rw-p 00000000 00:00 0 
1000a0000-140000000 ---p 00000000 00:00 0 
7fbd7c000000-7fbd7c021000 rw-p 00000000 00:00 0 
7fbd7c021000-7fbd80000000 ---p 00000000 00:00 0 
7fbd84000000-7fbd84021000 rw-p 00000000 00:00 0 
7fbd84021000-7fbd88000000 ---p 00000000 00:00 0 
7fbd88000000-7fbd88021000 rw-p 00000000 00:00 0 
7fbd88021000-7fbd8c000000 ---p 00000000 00:00 0 
7fbd8c000000-7fbd8c021000 rw-p 00000000 00:00 0 
7fbd8c021000-7fbd90000000 ---p 00000000 00:00 0 
7fbd90000000-7fbd90021000 rw-p 00000000 00:00 0 
7fbd90021000-7fbd94000000 ---p 00000000 00:00 0 
7fbd94000000-7fbd94021000 rw-p 00000000 00:00 0 
7fbd94021000-7fbd98000000 ---p 00000000 00:00 0 
7fbd98000000-7fbd986c3000 rw-p 00000000 00:00 0 
7fbd986c3000-7fbd9c000000 ---p 00000000 00:00 0 
7fbd9c000000-7fbd9c021000 rw-p 00000000 00:00 0 
7fbd9c021000-7fbda0000000 ---p 00000000 00:00 0 
7fbda0000000-7fbda0021000 rw-p 00000000 00:00 0 
7fbda0021000-7fbda4000000 ---p 00000000 00:00 0 
7fbda4000000-7fbda4210000 rw-p 00000000 00:00 0 
7fbda4210000-7fbda8000000 ---p 00000000 00:00 0 
7fbda8000000-7fbda8021000 rw-p 00000000 00:00 0 
7fbda8021000-7fbdac000000 ---p 00000000 00:00 0 
7fbdac000000-7fbdac021000 rw-p 00000000 00:00 0 
7fbdac021000-7fbdb0000000 ---p 00000000 00:00 0 
7fbdb0000000-7fbdb09ea000 rw-p 00000000 00:00 0 
7fbdb09ea000-7fbdb4000000 ---p 00000000 00:00 0 
7fbdb4000000-7fbdb4021000 rw-p 00000000 00:00 0 
7fbdb4021000-7fbdb8000000 ---p 00000000 00:00 0 
7fbdb8000000-7fbdb8021000 rw-p 00000000 00:00 0 
7fbdb8021000-7fbdbc000000 ---p 00000000 00:00 0 
7fbdbc000000-7fbdbc049000 rw-p 00000000 00:00 0 
7fbdbc049000-7fbdc0000000 ---p 00000000 00:00 0 
7fbdc0000000-7fbdc0021000 rw-p 00000000 00:00 0 
7fbdc0021000-7fbdc4000000 ---p 00000000 00:00 0 
7fbdc5366000-7fbdc56e7000 rw-p 00000000 00:00 0 
7fbdc56e7000-7fbdc56e8000 ---p 00000000 00:00 0 
7fbdc56e8000-7fbdc57e9000 rw-p 00000000 00:00 0 
7fbdc57e9000-7fbdc57ea000 ---p 00000000 00:00 0 
7fbdc57ea000-7fbdc58eb000 rw-p 00000000 00:00 0 
7fbdc58eb000-7fbdc58ec000 ---p 00000000 00:00 0 
7fbdc58ec000-7fbdc59ed000 rw-p 00000000 00:00 0 
7fbdc59ed000-7fbdc59ee000 ---p 00000000 00:00 0 
7fbdc59ee000-7fbdc5aef000 rw-p 00000000 00:00 0 
7fbdc5aef000-7fbdc5af0000 ---p 00000000 00:00 0 
7fbdc5af0000-7fbdc5bf1000 rw-p 00000000 00:00 0 
7fbdc5bf1000-7fbdc5bf5000 ---p 00000000 00:00 0 
7fbdc5bf5000-7fbdc5cf2000 rw-p 00000000 00:00 0 
7fbdc5cf2000-7fbdc5d08000 r-xp 00000000 08:01 791515                     /usr/lib/jvm/java-11-oracle/lib/libnet.so
7fbdc5d08000-7fbdc5f08000 ---p 00016000 08:01 791515                     /usr/lib/jvm/java-11-oracle/lib/libnet.so
7fbdc5f08000-7fbdc5f09000 r--p 00016000 08:01 791515                     /usr/lib/jvm/java-11-oracle/lib/libnet.so
7fbdc5f09000-7fbdc5f0a000 rw-p 00017000 08:01 791515                     /usr/lib/jvm/java-11-oracle/lib/libnet.so
7fbdc5f0a000-7fbdc5f1a000 r-xp 00000000 08:01 791516                     /usr/lib/jvm/java-11-oracle/lib/libnio.so
7fbdc5f1a000-7fbdc6119000 ---p 00010000 08:01 791516                     /usr/lib/jvm/java-11-oracle/lib/libnio.so
7fbdc6119000-7fbdc611a000 r--p 0000f000 08:01 791516                     /usr/lib/jvm/java-11-oracle/lib/libnio.so
7fbdc611a000-7fbdc611b000 rw-p 00010000 08:01 791516                     /usr/lib/jvm/java-11-oracle/lib/libnio.so
7fbdc611b000-7fbdc611f000 ---p 00000000 00:00 0 
7fbdc611f000-7fbdc621c000 rw-p 00000000 00:00 0 
7fbdc621c000-7fbdc621d000 ---p 00000000 00:00 0 
7fbdc621d000-7fbdc631e000 rw-p 00000000 00:00 0 
7fbdc631e000-7fbdc6322000 ---p 00000000 00:00 0 
7fbdc6322000-7fbdc641f000 rw-p 00000000 00:00 0 
7fbdc641f000-7fbdc6423000 ---p 00000000 00:00 0 
7fbdc6423000-7fbdc6520000 rw-p 00000000 00:00 0 
7fbdc6520000-7fbdc6524000 ---p 00000000 00:00 0 
7fbdc6524000-7fbdc6621000 rw-p 00000000 00:00 0 
7fbdc6621000-7fbdc6625000 ---p 00000000 00:00 0 
7fbdc6625000-7fbdc6722000 rw-p 00000000 00:00 0 
7fbdc6722000-7fbdc6726000 ---p 00000000 00:00 0 
7fbdc6726000-7fbdc6823000 rw-p 00000000 00:00 0 
7fbdc6823000-7fbdc75fe000 r--p 00000000 08:01 137929                     /usr/lib/locale/locale-archive
7fbdc75fe000-7fbdc7602000 ---p 00000000 00:00 0 
7fbdc7602000-7fbdc76ff000 rw-p 00000000 00:00 0 
7fbdc76ff000-7fbdc7703000 ---p 00000000 00:00 0 
7fbdc7703000-7fbdc7e40000 rw-p 00000000 00:00 0 
7fbdc7e40000-7fbdc8000000 ---p 00000000 00:00 0 
7fbdc8000000-7fbdc8021000 rw-p 00000000 00:00 0 
7fbdc8021000-7fbdcc000000 ---p 00000000 00:00 0 
7fbdcc000000-7fbdcc05a000 rw-p 00000000 00:00 0 
7fbdcc05a000-7fbdd0000000 ---p 00000000 00:00 0 
7fbdd0000000-7fbdd0021000 rw-p 00000000 00:00 0 
7fbdd0021000-7fbdd4000000 ---p 00000000 00:00 0 
7fbdd404e000-7fbdd404f000 ---p 00000000 00:00 0 
7fbdd404f000-7fbdd6378000 rw-p 00000000 00:00 0 
7fbdd6378000-7fbdd70a8000 ---p 00000000 00:00 0 
7fbdd70a8000-7fbdd72d0000 rw-p 00000000 00:00 0 
7fbdd72d0000-7fbdd8000000 ---p 00000000 00:00 0 
7fbdd8000000-7fbdd8021000 rw-p 00000000 00:00 0 
7fbdd8021000-7fbddc000000 ---p 00000000 00:00 0 
7fbddc0b3000-7fbddc22a000 rw-p 00000000 00:00 0 
7fbddc22a000-7fbddc22b000 ---p 00000000 00:00 0 
7fbddc22b000-7fbddc32c000 rw-p 00000000 00:00 0 
7fbddc32c000-7fbddc32d000 ---p 00000000 00:00 0 
7fbddc32d000-7fbddc832000 rw-p 00000000 00:00 0 
7fbddc832000-7fbddc833000 ---p 00000000 00:00 0 
7fbddc833000-7fbddc934000 rw-p 00000000 00:00 0 
7fbddc934000-7fbddc935000 ---p 00000000 00:00 0 
7fbddc935000-7fbddca9c000 rw-p 00000000 00:00 0 
7fbddca9c000-7fbddcc42000 ---p 00000000 00:00 0 
7fbddcc42000-7fbddceb2000 rwxp 00000000 00:00 0 
7fbddceb2000-7fbddd1d2000 ---p 00000000 00:00 0 
7fbddd1d2000-7fbddd442000 rwxp 00000000 00:00 0 
7fbddd442000-7fbde470a000 ---p 00000000 00:00 0 
7fbde470a000-7fbde497a000 rwxp 00000000 00:00 0 
7fbde497a000-7fbdebc42000 ---p 00000000 00:00 0 
7fbdebc42000-7fbdf4000000 r--s 00000000 08:01 792400                     /usr/lib/jvm/java-11-oracle/lib/modules
7fbdf4000000-7fbdf426e000 rw-p 00000000 00:00 0 
7fbdf426e000-7fbdf8000000 ---p 00000000 00:00 0 
7fbdf801d000-7fbdf8062000 rw-p 00000000 00:00 0 
7fbdf8062000-7fbdf8208000 ---p 00000000 00:00 0 
7fbdf8208000-7fbdf824d000 rw-p 00000000 00:00 0 
7fbdf824d000-7fbdf83f3000 ---p 00000000 00:00 0 
7fbdf83f3000-7fbdf87f7000 rw-p 00000000 00:00 0 
7fbdf87f7000-7fbdf87f8000 ---p 00000000 00:00 0 
7fbdf87f8000-7fbdf88fe000 rw-p 00000000 00:00 0 
7fbdf88fe000-7fbdf89e4000 ---p 00000000 00:00 0 
7fbdf89e4000-7fbdf89e9000 rw-p 00000000 00:00 0 
7fbdf89e9000-7fbdf8acf000 ---p 00000000 00:00 0 
7fbdf8acf000-7fbdf8aea000 r-xp 00000000 08:01 791503                     /usr/lib/jvm/java-11-oracle/lib/libjimage.so
7fbdf8aea000-7fbdf8ce9000 ---p 0001b000 08:01 791503                     /usr/lib/jvm/java-11-oracle/lib/libjimage.so
7fbdf8ce9000-7fbdf8ceb000 r--p 0001a000 08:01 791503                     /usr/lib/jvm/java-11-oracle/lib/libjimage.so
7fbdf8ceb000-7fbdf8cec000 rw-p 0001c000 08:01 791503                     /usr/lib/jvm/java-11-oracle/lib/libjimage.so
7fbdf8cec000-7fbdf8cf3000 r-xp 00000000 08:01 792399                     /usr/lib/jvm/java-11-oracle/lib/libzip.so
7fbdf8cf3000-7fbdf8ef2000 ---p 00007000 08:01 792399                     /usr/lib/jvm/java-11-oracle/lib/libzip.so
7fbdf8ef2000-7fbdf8ef3000 r--p 00006000 08:01 792399                     /usr/lib/jvm/java-11-oracle/lib/libzip.so
7fbdf8ef3000-7fbdf8ef4000 rw-p 00007000 08:01 792399                     /usr/lib/jvm/java-11-oracle/lib/libzip.so
7fbdf8ef4000-7fbdf8ef7000 r--p 00000000 08:01 399388                     /lib/x86_64-linux-gnu/libnss_files-2.28.so
7fbdf8ef7000-7fbdf8efe000 r-xp 00003000 08:01 399388                     /lib/x86_64-linux-gnu/libnss_files-2.28.so
7fbdf8efe000-7fbdf8f01000 r--p 0000a000 08:01 399388                     /lib/x86_64-linux-gnu/libnss_files-2.28.so
7fbdf8f01000-7fbdf8f02000 r--p 0000c000 08:01 399388                     /lib/x86_64-linux-gnu/libnss_files-2.28.so
7fbdf8f02000-7fbdf8f03000 rw-p 0000d000 08:01 399388                     /lib/x86_64-linux-gnu/libnss_files-2.28.so
7fbdf8f03000-7fbdf8f09000 rw-p 00000000 00:00 0 
7fbdf8f11000-7fbdf8f16000 rw-p 00000000 00:00 0 
7fbdf8f16000-7fbdf8f1d000 ---p 00000000 00:00 0 
7fbdf8f1d000-7fbdf8f46000 r-xp 00000000 08:01 791401                     /usr/lib/jvm/java-11-oracle/lib/libjava.so
7fbdf8f46000-7fbdf9146000 ---p 00029000 08:01 791401                     /usr/lib/jvm/java-11-oracle/lib/libjava.so
7fbdf9146000-7fbdf9147000 r--p 00029000 08:01 791401                     /usr/lib/jvm/java-11-oracle/lib/libjava.so
7fbdf9147000-7fbdf9149000 rw-p 0002a000 08:01 791401                     /usr/lib/jvm/java-11-oracle/lib/libjava.so
7fbdf9149000-7fbdf9156000 r-xp 00000000 08:01 792131                     /usr/lib/jvm/java-11-oracle/lib/libverify.so
7fbdf9156000-7fbdf9355000 ---p 0000d000 08:01 792131                     /usr/lib/jvm/java-11-oracle/lib/libverify.so
7fbdf9355000-7fbdf9357000 r--p 0000c000 08:01 792131                     /usr/lib/jvm/java-11-oracle/lib/libverify.so
7fbdf9357000-7fbdf9358000 rw-p 0000e000 08:01 792131                     /usr/lib/jvm/java-11-oracle/lib/libverify.so
7fbdf9358000-7fbdf935a000 r--p 00000000 08:01 399438                     /lib/x86_64-linux-gnu/librt-2.28.so
7fbdf935a000-7fbdf935e000 r-xp 00002000 08:01 399438                     /lib/x86_64-linux-gnu/librt-2.28.so
7fbdf935e000-7fbdf9360000 r--p 00006000 08:01 399438                     /lib/x86_64-linux-gnu/librt-2.28.so
7fbdf9360000-7fbdf9361000 r--p 00007000 08:01 399438                     /lib/x86_64-linux-gnu/librt-2.28.so
7fbdf9361000-7fbdf9362000 rw-p 00008000 08:01 399438                     /lib/x86_64-linux-gnu/librt-2.28.so
7fbdf9362000-7fbdf9366000 ---p 00000000 00:00 0 
7fbdf9366000-7fbdf9463000 rw-p 00000000 00:00 0 
7fbdf9463000-7fbdf9470000 r--p 00000000 08:01 399361                     /lib/x86_64-linux-gnu/libm-2.28.so
7fbdf9470000-7fbdf951b000 r-xp 0000d000 08:01 399361                     /lib/x86_64-linux-gnu/libm-2.28.so
7fbdf951b000-7fbdf95ee000 r--p 000b8000 08:01 399361                     /lib/x86_64-linux-gnu/libm-2.28.so
7fbdf95ee000-7fbdf95ef000 r--p 0018a000 08:01 399361                     /lib/x86_64-linux-gnu/libm-2.28.so
7fbdf95ef000-7fbdf95f0000 rw-p 0018b000 08:01 399361                     /lib/x86_64-linux-gnu/libm-2.28.so
7fbdf95f0000-7fbdfa72f000 r-xp 00000000 08:01 792519                     /usr/lib/jvm/java-11-oracle/lib/server/libjvm.so
7fbdfa72f000-7fbdfa92f000 ---p 0113f000 08:01 792519                     /usr/lib/jvm/java-11-oracle/lib/server/libjvm.so
7fbdfa92f000-7fbdfa9ee000 r--p 0113f000 08:01 792519                     /usr/lib/jvm/java-11-oracle/lib/server/libjvm.so
7fbdfa9ee000-7fbdfaa27000 rw-p 011fe000 08:01 792519                     /usr/lib/jvm/java-11-oracle/lib/server/libjvm.so
7fbdfaa27000-7fbdfaa7f000 rw-p 00000000 00:00 0 
7fbdfaa7f000-7fbdfaaa1000 r--p 00000000 08:01 399300                     /lib/x86_64-linux-gnu/libc-2.28.so
7fbdfaaa1000-7fbdfac12000 r-xp 00022000 08:01 399300                     /lib/x86_64-linux-gnu/libc-2.28.so
7fbdfac12000-7fbdfac5e000 r--p 00193000 08:01 399300                     /lib/x86_64-linux-gnu/libc-2.28.so
7fbdfac5e000-7fbdfac5f000 ---p 001df000 08:01 399300                     /lib/x86_64-linux-gnu/libc-2.28.so
7fbdfac5f000-7fbdfac63000 r--p 001df000 08:01 399300                     /lib/x86_64-linux-gnu/libc-2.28.so
7fbdfac63000-7fbdfac65000 rw-p 001e3000 08:01 399300                     /lib/x86_64-linux-gnu/libc-2.28.so
7fbdfac65000-7fbdfac69000 rw-p 00000000 00:00 0 
7fbdfac69000-7fbdfac6a000 r--p 00000000 08:01 399321                     /lib/x86_64-linux-gnu/libdl-2.28.so
7fbdfac6a000-7fbdfac6c000 r-xp 00001000 08:01 399321                     /lib/x86_64-linux-gnu/libdl-2.28.so
7fbdfac6c000-7fbdfac6d000 r--p 00003000 08:01 399321                     /lib/x86_64-linux-gnu/libdl-2.28.so
7fbdfac6d000-7fbdfac6e000 r--p 00003000 08:01 399321                     /lib/x86_64-linux-gnu/libdl-2.28.so
7fbdfac6e000-7fbdfac6f000 rw-p 00004000 08:01 399321                     /lib/x86_64-linux-gnu/libdl-2.28.so
7fbdfac6f000-7fbdfac7f000 r-xp 00000000 08:01 790900                     /usr/lib/jvm/java-11-oracle/lib/jli/libjli.so
7fbdfac7f000-7fbdfae7e000 ---p 00010000 08:01 790900                     /usr/lib/jvm/java-11-oracle/lib/jli/libjli.so
7fbdfae7e000-7fbdfae7f000 r--p 0000f000 08:01 790900                     /usr/lib/jvm/java-11-oracle/lib/jli/libjli.so
7fbdfae7f000-7fbdfae80000 rw-p 00010000 08:01 790900                     /usr/lib/jvm/java-11-oracle/lib/jli/libjli.so
7fbdfae80000-7fbdfae86000 r--p 00000000 08:01 399430                     /lib/x86_64-linux-gnu/libpthread-2.28.so
7fbdfae86000-7fbdfae95000 r-xp 00006000 08:01 399430                     /lib/x86_64-linux-gnu/libpthread-2.28.so
7fbdfae95000-7fbdfae9b000 r--p 00015000 08:01 399430                     /lib/x86_64-linux-gnu/libpthread-2.28.so
7fbdfae9b000-7fbdfae9c000 r--p 0001a000 08:01 399430                     /lib/x86_64-linux-gnu/libpthread-2.28.so
7fbdfae9c000-7fbdfae9d000 rw-p 0001b000 08:01 399430                     /lib/x86_64-linux-gnu/libpthread-2.28.so
7fbdfae9d000-7fbdfaea1000 rw-p 00000000 00:00 0 
7fbdfaea1000-7fbdfaebd000 r-xp 00000000 08:01 399469                     /lib/x86_64-linux-gnu/libz.so.1.2.11
7fbdfaebd000-7fbdfb0bc000 ---p 0001c000 08:01 399469                     /lib/x86_64-linux-gnu/libz.so.1.2.11
7fbdfb0bc000-7fbdfb0bd000 r--p 0001b000 08:01 399469                     /lib/x86_64-linux-gnu/libz.so.1.2.11
7fbdfb0bd000-7fbdfb0be000 rw-p 0001c000 08:01 399469                     /lib/x86_64-linux-gnu/libz.so.1.2.11
7fbdfb0be000-7fbdfb0c0000 rw-p 00000000 00:00 0 
7fbdfb0ca000-7fbdfb0d2000 rw-s 00000000 08:01 141468                     /tmp/hsperfdata_ricardo/9002
7fbdfb0d2000-7fbdfb0d3000 ---p 00000000 00:00 0 
7fbdfb0d3000-7fbdfb0d4000 r--p 00000000 00:00 0 
7fbdfb0d4000-7fbdfb0d5000 r--p 00000000 08:01 399274                     /lib/x86_64-linux-gnu/ld-2.28.so
7fbdfb0d5000-7fbdfb0f5000 r-xp 00001000 08:01 399274                     /lib/x86_64-linux-gnu/ld-2.28.so
7fbdfb0f5000-7fbdfb0fd000 r--p 00021000 08:01 399274                     /lib/x86_64-linux-gnu/ld-2.28.so
7fbdfb0fd000-7fbdfb0fe000 r--p 00028000 08:01 399274                     /lib/x86_64-linux-gnu/ld-2.28.so
7fbdfb0fe000-7fbdfb0ff000 rw-p 00029000 08:01 399274                     /lib/x86_64-linux-gnu/ld-2.28.so
7fbdfb0ff000-7fbdfb100000 rw-p 00000000 00:00 0 
7ffedc335000-7ffedc356000 rw-p 00000000 00:00 0                          [stack]
7ffedc3be000-7ffedc3c1000 r--p 00000000 00:00 0                          [vvar]
7ffedc3c1000-7ffedc3c3000 r-xp 00000000 00:00 0                          [vdso]
ffffffffff600000-ffffffffff601000 r-xp 00000000 00:00 0                  [vsyscall]


VM Arguments:
java_command: WordNet synsets.txt hypernyms.txt
java_class_path (initial): .:/usr/local/lift/lib/algs4.jar
Launcher Type: SUN_STANDARD

[Global flags]
     intx CICompilerCount                          = 3                                         {product} {ergonomic}
     uint ConcGCThreads                            = 1                                         {product} {ergonomic}
     uint G1ConcRefinementThreads                  = 4                                         {product} {ergonomic}
   size_t G1HeapRegionSize                         = 1048576                                   {product} {ergonomic}
    uintx GCDrainStackTargetSize                   = 64                                        {product} {ergonomic}
   size_t InitialHeapSize                          = 65011712                                  {product} {ergonomic}
   size_t MarkStackSize                            = 4194304                                   {product} {ergonomic}
   size_t MaxHeapSize                              = 1029701632                                {product} {ergonomic}
   size_t MaxNewSize                               = 617611264                                 {product} {ergonomic}
   size_t MinHeapDeltaBytes                        = 1048576                                   {product} {ergonomic}
    uintx NonNMethodCodeHeapSize                   = 5830092                                {pd product} {ergonomic}
    uintx NonProfiledCodeHeapSize                  = 122914074                              {pd product} {ergonomic}
    uintx ProfiledCodeHeapSize                     = 122914074                              {pd product} {ergonomic}
    uintx ReservedCodeCacheSize                    = 251658240                              {pd product} {ergonomic}
     bool SegmentedCodeCache                       = true                                      {product} {ergonomic}
     bool UseCompressedClassPointers               = true                                 {lp64_product} {ergonomic}
     bool UseCompressedOops                        = true                                 {lp64_product} {ergonomic}
     bool UseG1GC                                  = true                                      {product} {ergonomic}

Logging:
Log output configuration:
 #0: stdout all=warning uptime,level,tags
 #1: stderr all=off uptime,level,tags

Environment Variables:
JAVA_HOME=/usr/lib/jvm/java-11-oracle
PATH=/home/ricardo/.local/bin:/usr/local/sbin:/usr/local/bin:/usr/sbin:/usr/bin:/sbin:/bin:/usr/games:/usr/local/games:/snap/bin:/usr/lib/jvm/java-11-oracle/bin:/usr/lib/jvm/java-11-oracle/db/bin
USERNAME=ricardo
SHELL=/bin/bash
DISPLAY=:0

Signal Handlers:
SIGSEGV: [libjvm.so+0xe2adf0], sa_mask[0]=11111111011111111101111111111110, sa_flags=SA_RESTART|SA_SIGINFO
SIGBUS: [libjvm.so+0xe2adf0], sa_mask[0]=11111111011111111101111111111110, sa_flags=SA_RESTART|SA_SIGINFO
SIGFPE: [libjvm.so+0xe2adf0], sa_mask[0]=11111111011111111101111111111110, sa_flags=SA_RESTART|SA_SIGINFO
SIGPIPE: [libjvm.so+0xbff5b0], sa_mask[0]=11111111011111111101111111111110, sa_flags=SA_RESTART|SA_SIGINFO
SIGXFSZ: [libjvm.so+0xbff5b0], sa_mask[0]=11111111011111111101111111111110, sa_flags=SA_RESTART|SA_SIGINFO
SIGILL: [libjvm.so+0xe2adf0], sa_mask[0]=11111111011111111101111111111110, sa_flags=SA_RESTART|SA_SIGINFO
SIGUSR2: [libjvm.so+0xbff450], sa_mask[0]=00000000000000000000000000000000, sa_flags=SA_RESTART|SA_SIGINFO
SIGHUP: [libjvm.so+0xbff7b0], sa_mask[0]=11111111011111111101111111111110, sa_flags=SA_RESTART|SA_SIGINFO
SIGINT: [libjvm.so+0xbff7b0], sa_mask[0]=11111111011111111101111111111110, sa_flags=SA_RESTART|SA_SIGINFO
SIGTERM: [libjvm.so+0xbff7b0], sa_mask[0]=11111111011111111101111111111110, sa_flags=SA_RESTART|SA_SIGINFO
SIGQUIT: [libjvm.so+0xbff7b0], sa_mask[0]=11111111011111111101111111111110, sa_flags=SA_RESTART|SA_SIGINFO


---------------  S Y S T E M  ---------------

OS:DISTRIB_ID=Ubuntu
DISTRIB_RELEASE=18.10
DISTRIB_CODENAME=cosmic
DISTRIB_DESCRIPTION="Ubuntu 18.10"
uname:Linux 4.18.0-18-generic #19-Ubuntu SMP Tue Apr 2 18:13:16 UTC 2019 x86_64
libc:glibc 2.28 NPTL 2.28 
rlimit: STACK 8192k, CORE 0k, NPROC 15509, NOFILE 4096, AS infinity, DATA infinity, FSIZE infinity
load average:1.04 0.64 0.51

/proc/meminfo:
MemTotal:        4015476 kB
MemFree:          135924 kB
MemAvailable:     115608 kB
Buffers:            2328 kB
Cached:           254072 kB
SwapCached:        28828 kB
Active:          2407504 kB
Inactive:         721664 kB
Active(anon):    2353568 kB
Inactive(anon):   644884 kB
Active(file):      53936 kB
Inactive(file):    76780 kB
Unevictable:          32 kB
Mlocked:              32 kB
SwapTotal:        969960 kB
SwapFree:          11508 kB
Dirty:                28 kB
Writeback:             0 kB
AnonPages:       2844696 kB
Mapped:           213548 kB
Shmem:            125540 kB
Slab:             207544 kB
SReclaimable:      69464 kB
SUnreclaim:       138080 kB
KernelStack:       16624 kB
PageTables:        33272 kB
NFS_Unstable:          0 kB
Bounce:                0 kB
WritebackTmp:          0 kB
CommitLimit:     2977696 kB
Committed_AS:    8325644 kB
VmallocTotal:   34359738367 kB
VmallocUsed:           0 kB
VmallocChunk:          0 kB
HardwareCorrupted:     0 kB
AnonHugePages:         0 kB
ShmemHugePages:        0 kB
ShmemPmdMapped:        0 kB
CmaTotal:              0 kB
CmaFree:               0 kB
HugePages_Total:       0
HugePages_Free:        0
HugePages_Rsvd:        0
HugePages_Surp:        0
Hugepagesize:       2048 kB
Hugetlb:               0 kB
DirectMap4k:      280384 kB
DirectMap2M:     2865152 kB
DirectMap1G:     3145728 kB


/proc/sys/kernel/threads-max (system-wide limit on the number of threads):
31019


/proc/sys/vm/max_map_count (maximum number of memory map areas a process may have):
65530


/proc/sys/kernel/pid_max (system-wide limit on number of process identifiers):
131072



container (cgroup) information:
container_type: cgroupv1
cpu_cpuset_cpus: 0-3
cpu_memory_nodes: 0
active_processor_count: 4
cpu_quota: -1
cpu_period: 100000
cpu_shares: -1
memory_limit_in_bytes: -1
memory_and_swap_limit_in_bytes: -2
memory_soft_limit_in_bytes: -1
memory_usage_in_bytes: 262053888
memory_max_usage_in_bytes: 1115234304


CPU:total 4 (initial active 4) (1 cores per cpu, 1 threads per core) family 6 model 158 stepping 12, cmov, cx8, fxsr, mmx, sse, sse2, sse3, ssse3, sse4.1, sse4.2, popcnt, avx, avx2, aes, clmul, erms, rtm, 3dnowpref, lzcnt, tsc, tscinvbit, bmi1, bmi2, adx, fma
CPU Model and flags from /proc/cpuinfo:
model name	: Intel(R) Core(TM) i9-9900K CPU @ 3.60GHz
flags		: fpu vme de pse tsc msr pae mce cx8 apic sep mtrr pge mca cmov pat pse36 clflush mmx fxsr sse sse2 ss syscall nx pdpe1gb rdtscp lm constant_tsc arch_perfmon nopl xtopology tsc_reliable nonstop_tsc cpuid pni pclmulqdq ssse3 fma cx16 pcid sse4_1 sse4_2 x2apic movbe popcnt tsc_deadline_timer aes xsave avx f16c rdrand hypervisor lahf_lm abm 3dnowprefetch cpuid_fault invpcid_single pti ssbd ibrs ibpb stibp fsgsbase tsc_adjust bmi1 hle avx2 smep bmi2 invpcid rtm mpx rdseed adx smap clflushopt xsaveopt xsavec xsaves arat flush_l1d arch_capabilities

Memory: 4k page, physical 4015476k(135924k free), swap 969960k(11508k free)

vm_info: Java HotSpot(TM) 64-Bit Server VM (11.0.2+9-LTS) for linux-amd64 JRE (11.0.2+9-LTS), built on Jan 17 2019 21:22:50 by "mach5one" with gcc 7.3.0

END.
